<?xml version="1.0" encoding="UTF-8"?>
<testng-results ignored="0" total="3" passed="3" failed="0" skipped="0">
  <reporter-output>
  </reporter-output>
  <suite started-at="2020-04-06T14:06:15 IST" name="Suite" finished-at="2020-04-06T14:07:25 IST" duration-ms="69659">
    <groups>
      <group name="cucumber">
        <method signature="AbstractTestNGCucumberTests.feature(cucumber.api.testng.CucumberFeatureWrapper)[pri:0, instance:com.runner.TestRunner@3c9d0b9d]" name="feature" class="cucumber.api.testng.AbstractTestNGCucumberTests"/>
        <method signature="AbstractTestNGCucumberTests.feature(cucumber.api.testng.CucumberFeatureWrapper)[pri:0, instance:com.runner.TestRunner@60d8c9b7]" name="feature" class="cucumber.api.testng.AbstractTestNGCucumberTests"/>
        <method signature="AbstractTestNGCucumberTests.feature(cucumber.api.testng.CucumberFeatureWrapper)[pri:0, instance:com.runner.TestRunner@4b14c583]" name="feature" class="cucumber.api.testng.AbstractTestNGCucumberTests"/>
      </group> <!-- cucumber -->
    </groups>
    <test started-at="2020-04-06T14:06:15 IST" name="FirstTest" finished-at="2020-04-06T14:06:42 IST" duration-ms="27173">
      <class name="com.runner.TestRunner">
        <test-method is-config="true" signature="setUpClass()[pri:0, instance:com.runner.TestRunner@3c9d0b9d]" started-at="2020-04-06T14:06:15 IST" name="setUpClass" finished-at="2020-04-06T14:06:16 IST" duration-ms="606" status="PASS">
          <reporter-output>
          </reporter-output>
        </test-method> <!-- setUpClass -->
        <test-method signature="feature(cucumber.api.testng.CucumberFeatureWrapper)[pri:0, instance:com.runner.TestRunner@3c9d0b9d]" started-at="2020-04-06T14:06:16 IST" name="feature" description="Runs Cucumber Feature" data-provider="features" finished-at="2020-04-06T14:06:41 IST" duration-ms="25599" status="PASS">
          <params>
            <param index="0">
              <value>
                <![CDATA[Login Functionality]]>
              </value>
            </param>
          </params>
          <reporter-output>
          </reporter-output>
        </test-method> <!-- feature -->
        <test-method is-config="true" signature="tearDownClass()[pri:0, instance:com.runner.TestRunner@3c9d0b9d]" started-at="2020-04-06T14:06:41 IST" name="tearDownClass" finished-at="2020-04-06T14:06:42 IST" duration-ms="661" status="PASS">
          <reporter-output>
          </reporter-output>
        </test-method> <!-- tearDownClass -->
      </class> <!-- com.runner.TestRunner -->
    </test> <!-- FirstTest -->
    <test started-at="2020-04-06T14:06:42 IST" name="SecondTest" finished-at="2020-04-06T14:07:03 IST" duration-ms="21184">
      <class name="com.runner.TestRunner">
        <test-method is-config="true" signature="setUpClass()[pri:0, instance:com.runner.TestRunner@60d8c9b7]" started-at="2020-04-06T14:06:42 IST" name="setUpClass" finished-at="2020-04-06T14:06:42 IST" duration-ms="31" status="PASS">
          <reporter-output>
          </reporter-output>
        </test-method> <!-- setUpClass -->
        <test-method signature="feature(cucumber.api.testng.CucumberFeatureWrapper)[pri:0, instance:com.runner.TestRunner@60d8c9b7]" started-at="2020-04-06T14:06:42 IST" name="feature" description="Runs Cucumber Feature" data-provider="features" finished-at="2020-04-06T14:07:03 IST" duration-ms="20861" status="PASS">
          <params>
            <param index="0">
              <value>
                <![CDATA[Login Functionality]]>
              </value>
            </param>
          </params>
          <reporter-output>
          </reporter-output>
        </test-method> <!-- feature -->
        <test-method is-config="true" signature="tearDownClass()[pri:0, instance:com.runner.TestRunner@60d8c9b7]" started-at="2020-04-06T14:07:03 IST" name="tearDownClass" finished-at="2020-04-06T14:07:03 IST" duration-ms="270" status="PASS">
          <reporter-output>
          </reporter-output>
        </test-method> <!-- tearDownClass -->
      </class> <!-- com.runner.TestRunner -->
    </test> <!-- SecondTest -->
    <test started-at="2020-04-06T14:07:03 IST" name="ThirdTest" finished-at="2020-04-06T14:07:25 IST" duration-ms="21234">
      <class name="com.runner.TestRunner">
        <test-method is-config="true" signature="setUpClass()[pri:0, instance:com.runner.TestRunner@4b14c583]" started-at="2020-04-06T14:07:03 IST" name="setUpClass" finished-at="2020-04-06T14:07:03 IST" duration-ms="37" status="PASS">
          <reporter-output>
          </reporter-output>
        </test-method> <!-- setUpClass -->
        <test-method signature="feature(cucumber.api.testng.CucumberFeatureWrapper)[pri:0, instance:com.runner.TestRunner@4b14c583]" started-at="2020-04-06T14:07:03 IST" name="feature" description="Runs Cucumber Feature" data-provider="features" finished-at="2020-04-06T14:07:24 IST" duration-ms="21018" status="PASS">
          <params>
            <param index="0">
              <value>
                <![CDATA[Login Functionality]]>
              </value>
            </param>
          </params>
          <reporter-output>
          </reporter-output>
        </test-method> <!-- feature -->
        <test-method is-config="true" signature="tearDownClass()[pri:0, instance:com.runner.TestRunner@4b14c583]" started-at="2020-04-06T14:07:24 IST" name="tearDownClass" finished-at="2020-04-06T14:07:25 IST" duration-ms="162" status="PASS">
          <reporter-output>
          </reporter-output>
        </test-method> <!-- tearDownClass -->
      </class> <!-- com.runner.TestRunner -->
    </test> <!-- ThirdTest -->
  </suite> <!-- Suite -->
</testng-results>
